<?xml version="1.0" encoding="UTF-8"?>
<testsuites>
  <testsuite name="Windows-Android Connect Tests" tests="14" failures="25" errors="0" time="25.935">
    
      <testcase name="CommonJS测试: test-android-connection.js" classname="system" time="10.019">
        <failure message="测试文件执行超时 (5000ms)">测试文件执行超时 (5000ms)</failure>
      </testcase>
      <testcase name="CommonJS测试: test-android-connection.js" classname="system" time="10.025">
        <failure message="测试文件执行失败，退出码: null
错误输出: ">测试文件执行失败，退出码: null
错误输出: </failure>
      </testcase>
      <testcase name="CommonJS测试: test-client.js" classname="system" time="0.048">
        <failure message="测试文件执行失败，退出码: 1
错误输出: file:///C:/Users/admin/AndroidStudioProjects/MyApplication8/backend/tests/test-client.js:2
const net = require('net');
            ^

ReferenceError: require is not defined in ES module scope, you can use import instead
This file is being treated as an ES module because it has a '.js' file extension and 'C:\Users\admin\AndroidStudioProjects\MyApplication8\package.json' contains "type": "module". To treat it as a CommonJS script, rename it to use the '.cjs' file extension.
    at file:///C:/Users/admin/AndroidStudioProjects/MyApplication8/backend/tests/test-client.js:2:13
    at ModuleJob.run (node:internal/modules/esm/module_job:234:25)
    at async ModuleLoader.import (node:internal/modules/esm/loader:473:24)
    at async asyncRunEntryPointWithESMLoader (node:internal/modules/run_main:123:5)

Node.js v20.18.0
">测试文件执行失败，退出码: 1
错误输出: file:///C:/Users/admin/AndroidStudioProjects/MyApplication8/backend/tests/test-client.js:2
const net = require('net');
            ^

ReferenceError: require is not defined in ES module scope, you can use import instead
This file is being treated as an ES module because it has a '.js' file extension and 'C:\Users\admin\AndroidStudioProjects\MyApplication8\package.json' contains "type": "module". To treat it as a CommonJS script, rename it to use the '.cjs' file extension.
    at file:///C:/Users/admin/AndroidStudioProjects/MyApplication8/backend/tests/test-client.js:2:13
    at ModuleJob.run (node:internal/modules/esm/module_job:234:25)
    at async ModuleLoader.import (node:internal/modules/esm/loader:473:24)
    at async asyncRunEntryPointWithESMLoader (node:internal/modules/run_main:123:5)

Node.js v20.18.0
</failure>
      </testcase>
      <testcase name="CommonJS测试: test-connection.js" classname="system" time="0.047">
        <failure message="测试文件执行失败，退出码: 1
错误输出: file:///C:/Users/admin/AndroidStudioProjects/MyApplication8/backend/tests/test-connection.js:1
const WebSocket = require('ws');
                  ^

ReferenceError: require is not defined in ES module scope, you can use import instead
This file is being treated as an ES module because it has a '.js' file extension and 'C:\Users\admin\AndroidStudioProjects\MyApplication8\package.json' contains "type": "module". To treat it as a CommonJS script, rename it to use the '.cjs' file extension.
    at file:///C:/Users/admin/AndroidStudioProjects/MyApplication8/backend/tests/test-connection.js:1:19
    at ModuleJob.run (node:internal/modules/esm/module_job:234:25)
    at async ModuleLoader.import (node:internal/modules/esm/loader:473:24)
    at async asyncRunEntryPointWithESMLoader (node:internal/modules/run_main:123:5)

Node.js v20.18.0
">测试文件执行失败，退出码: 1
错误输出: file:///C:/Users/admin/AndroidStudioProjects/MyApplication8/backend/tests/test-connection.js:1
const WebSocket = require('ws');
                  ^

ReferenceError: require is not defined in ES module scope, you can use import instead
This file is being treated as an ES module because it has a '.js' file extension and 'C:\Users\admin\AndroidStudioProjects\MyApplication8\package.json' contains "type": "module". To treat it as a CommonJS script, rename it to use the '.cjs' file extension.
    at file:///C:/Users/admin/AndroidStudioProjects/MyApplication8/backend/tests/test-connection.js:1:19
    at ModuleJob.run (node:internal/modules/esm/module_job:234:25)
    at async ModuleLoader.import (node:internal/modules/esm/loader:473:24)
    at async asyncRunEntryPointWithESMLoader (node:internal/modules/run_main:123:5)

Node.js v20.18.0
</failure>
      </testcase>
      <testcase name="CommonJS测试: test-improved-client.js" classname="system" time="0.045">
        <failure message="测试文件执行失败，退出码: 1
错误输出: file:///C:/Users/admin/AndroidStudioProjects/MyApplication8/backend/tests/test-improved-client.js:1
const WebSocket = require('ws');
                  ^

ReferenceError: require is not defined in ES module scope, you can use import instead
This file is being treated as an ES module because it has a '.js' file extension and 'C:\Users\admin\AndroidStudioProjects\MyApplication8\package.json' contains "type": "module". To treat it as a CommonJS script, rename it to use the '.cjs' file extension.
    at file:///C:/Users/admin/AndroidStudioProjects/MyApplication8/backend/tests/test-improved-client.js:1:19
    at ModuleJob.run (node:internal/modules/esm/module_job:234:25)
    at async ModuleLoader.import (node:internal/modules/esm/loader:473:24)
    at async asyncRunEntryPointWithESMLoader (node:internal/modules/run_main:123:5)

Node.js v20.18.0
">测试文件执行失败，退出码: 1
错误输出: file:///C:/Users/admin/AndroidStudioProjects/MyApplication8/backend/tests/test-improved-client.js:1
const WebSocket = require('ws');
                  ^

ReferenceError: require is not defined in ES module scope, you can use import instead
This file is being treated as an ES module because it has a '.js' file extension and 'C:\Users\admin\AndroidStudioProjects\MyApplication8\package.json' contains "type": "module". To treat it as a CommonJS script, rename it to use the '.cjs' file extension.
    at file:///C:/Users/admin/AndroidStudioProjects/MyApplication8/backend/tests/test-improved-client.js:1:19
    at ModuleJob.run (node:internal/modules/esm/module_job:234:25)
    at async ModuleLoader.import (node:internal/modules/esm/loader:473:24)
    at async asyncRunEntryPointWithESMLoader (node:internal/modules/run_main:123:5)

Node.js v20.18.0
</failure>
      </testcase>
      <testcase name="CommonJS测试: test-improved-server.js" classname="system" time="0.247">
        <failure message="测试文件执行失败，退出码: 1
错误输出:   % Total    % Received % Xferd  Average Speed   Time    Time     Time  Current
                                 Dload  Upload   Total   Spent    Left  Speed
  0     0    0     0    0     0      0      0 --:--:-- --:--:-- --:--:--     0100     2  100     2    0     0    789      0 --:--:-- --:--:-- --:--:--  1000
  % Total    % Received % Xferd  Average Speed   Time    Time     Time  Current
                                 Dload  Upload   Total   Spent    Left  Speed
  0     0    0     0    0     0      0      0 --:--:-- --:--:-- --:--:--     0100    88  100    88    0     0  42328      0 --:--:-- --:--:-- --:--:-- 44000
❌ 测试失败: API服务器状态
   错误: 服务器状态API返回格式不正确
  % Total    % Received % Xferd  Average Speed   Time    Time     Time  Current
                                 Dload  Upload   Total   Spent    Left  Speed
  0     0    0     0    0     0      0      0 --:--:-- --:--:-- --:--:--     0100   160  100   160    0     0  72892      0 --:--:-- --:--:-- --:--:-- 80000
❌ 测试失败: API已连接设备
   错误: Unexpected token '<', "<!DOCTYPE "... is not valid JSON
  % Total    % Received % Xferd  Average Speed   Time    Time     Time  Current
                                 Dload  Upload   Total   Spent    Left  Speed
  0     0    0     0    0     0      0      0 --:--:-- --:--:-- --:--:--     0100    88  100    88    0     0  45151      0 --:--:-- --:--:-- --:--:-- 88000
  % Total    % Received % Xferd  Average Speed   Time    Time     Time  Current
                                 Dload  Upload   Total   Spent    Left  Speed
  0     0    0     0    0     0      0      0 --:--:-- --:--:-- --:--:--     0100    88  100    88    0     0  41083      0 --:--:-- --:--:-- --:--:-- 44000
  % Total    % Received % Xferd  Average Speed   Time    Time     Time  Current
                                 Dload  Upload   Total   Spent    Left  Speed
  0     0    0     0    0     0      0      0 --:--:-- --:--:-- --:--:--     0100   216  100   158  100    58  81653  29974 --:--:-- --:--:-- --:--:--  210k
❌ 测试失败: API安全性 - 无效设备ID
   错误: Unexpected token '<', "<!DOCTYPE "... is not valid JSON
  % Total    % Received % Xferd  Average Speed   Time    Time     Time  Current
                                 Dload  Upload   Total   Spent    Left  Speed
  0     0    0     0    0     0      0      0 --:--:-- --:--:-- --:--:--     0100   240  100   240    0     0  10300      0 --:--:-- --:--:-- --:--:-- 10434
  % Total    % Received % Xferd  Average Speed   Time    Time     Time  Current
                                 Dload  Upload   Total   Spent    Left  Speed
  0     0    0     0    0     0      0      0 --:--:-- --:--:-- --:--:--     0100 12991  100 12991    0     0  4723k      0 --:--:-- --:--:-- --:--:-- 6343k
❌ 测试失败: 简单测试路由
   错误: 简单测试路由返回不正确
">测试文件执行失败，退出码: 1
错误输出:   % Total    % Received % Xferd  Average Speed   Time    Time     Time  Current
                                 Dload  Upload   Total   Spent    Left  Speed
  0     0    0     0    0     0      0      0 --:--:-- --:--:-- --:--:--     0100     2  100     2    0     0    789      0 --:--:-- --:--:-- --:--:--  1000
  % Total    % Received % Xferd  Average Speed   Time    Time     Time  Current
                                 Dload  Upload   Total   Spent    Left  Speed
  0     0    0     0    0     0      0      0 --:--:-- --:--:-- --:--:--     0100    88  100    88    0     0  42328      0 --:--:-- --:--:-- --:--:-- 44000
❌ 测试失败: API服务器状态
   错误: 服务器状态API返回格式不正确
  % Total    % Received % Xferd  Average Speed   Time    Time     Time  Current
                                 Dload  Upload   Total   Spent    Left  Speed
  0     0    0     0    0     0      0      0 --:--:-- --:--:-- --:--:--     0100   160  100   160    0     0  72892      0 --:--:-- --:--:-- --:--:-- 80000
❌ 测试失败: API已连接设备
   错误: Unexpected token '<', "<!DOCTYPE "... is not valid JSON
  % Total    % Received % Xferd  Average Speed   Time    Time     Time  Current
                                 Dload  Upload   Total   Spent    Left  Speed
  0     0    0     0    0     0      0      0 --:--:-- --:--:-- --:--:--     0100    88  100    88    0     0  45151      0 --:--:-- --:--:-- --:--:-- 88000
  % Total    % Received % Xferd  Average Speed   Time    Time     Time  Current
                                 Dload  Upload   Total   Spent    Left  Speed
  0     0    0     0    0     0      0      0 --:--:-- --:--:-- --:--:--     0100    88  100    88    0     0  41083      0 --:--:-- --:--:-- --:--:-- 44000
  % Total    % Received % Xferd  Average Speed   Time    Time     Time  Current
                                 Dload  Upload   Total   Spent    Left  Speed
  0     0    0     0    0     0      0      0 --:--:-- --:--:-- --:--:--     0100   216  100   158  100    58  81653  29974 --:--:-- --:--:-- --:--:--  210k
❌ 测试失败: API安全性 - 无效设备ID
   错误: Unexpected token '<', "<!DOCTYPE "... is not valid JSON
  % Total    % Received % Xferd  Average Speed   Time    Time     Time  Current
                                 Dload  Upload   Total   Spent    Left  Speed
  0     0    0     0    0     0      0      0 --:--:-- --:--:-- --:--:--     0100   240  100   240    0     0  10300      0 --:--:-- --:--:-- --:--:-- 10434
  % Total    % Received % Xferd  Average Speed   Time    Time     Time  Current
                                 Dload  Upload   Total   Spent    Left  Speed
  0     0    0     0    0     0      0      0 --:--:-- --:--:-- --:--:--     0100 12991  100 12991    0     0  4723k      0 --:--:-- --:--:-- --:--:-- 6343k
❌ 测试失败: 简单测试路由
   错误: 简单测试路由返回不正确
</failure>
      </testcase>
      <testcase name="CommonJS测试: test-modules.js" classname="system" time="0.046">
        <failure message="测试文件执行失败，退出码: 1
错误输出: ❌ 模块加载失败: require is not defined
">测试文件执行失败，退出码: 1
错误输出: ❌ 模块加载失败: require is not defined
</failure>
      </testcase>
      <testcase name="CommonJS测试: test-network-interfaces.js" classname="system" time="0.06">
        <failure message="测试文件执行失败，退出码: 1
错误输出: file:///C:/Users/admin/AndroidStudioProjects/MyApplication8/backend/tests/test-network-interfaces.js:3
const os = require('os');
           ^

ReferenceError: require is not defined in ES module scope, you can use import instead
This file is being treated as an ES module because it has a '.js' file extension and 'C:\Users\admin\AndroidStudioProjects\MyApplication8\package.json' contains "type": "module". To treat it as a CommonJS script, rename it to use the '.cjs' file extension.
    at file:///C:/Users/admin/AndroidStudioProjects/MyApplication8/backend/tests/test-network-interfaces.js:3:12
    at ModuleJob.run (node:internal/modules/esm/module_job:234:25)
    at async ModuleLoader.import (node:internal/modules/esm/loader:473:24)
    at async asyncRunEntryPointWithESMLoader (node:internal/modules/run_main:123:5)

Node.js v20.18.0
">测试文件执行失败，退出码: 1
错误输出: file:///C:/Users/admin/AndroidStudioProjects/MyApplication8/backend/tests/test-network-interfaces.js:3
const os = require('os');
           ^

ReferenceError: require is not defined in ES module scope, you can use import instead
This file is being treated as an ES module because it has a '.js' file extension and 'C:\Users\admin\AndroidStudioProjects\MyApplication8\package.json' contains "type": "module". To treat it as a CommonJS script, rename it to use the '.cjs' file extension.
    at file:///C:/Users/admin/AndroidStudioProjects/MyApplication8/backend/tests/test-network-interfaces.js:3:12
    at ModuleJob.run (node:internal/modules/esm/module_job:234:25)
    at async ModuleLoader.import (node:internal/modules/esm/loader:473:24)
    at async asyncRunEntryPointWithESMLoader (node:internal/modules/run_main:123:5)

Node.js v20.18.0
</failure>
      </testcase>
      <testcase name="CommonJS测试: test-network.js" classname="system" time="0.056">
        <failure message="测试文件执行失败，退出码: 1
错误输出: file:///C:/Users/admin/AndroidStudioProjects/MyApplication8/backend/tests/test-network.js:1
const WebSocketServer = require('./websocket-server.js');
                        ^

ReferenceError: require is not defined in ES module scope, you can use import instead
This file is being treated as an ES module because it has a '.js' file extension and 'C:\Users\admin\AndroidStudioProjects\MyApplication8\package.json' contains "type": "module". To treat it as a CommonJS script, rename it to use the '.cjs' file extension.
    at file:///C:/Users/admin/AndroidStudioProjects/MyApplication8/backend/tests/test-network.js:1:25
    at ModuleJob.run (node:internal/modules/esm/module_job:234:25)
    at async ModuleLoader.import (node:internal/modules/esm/loader:473:24)
    at async asyncRunEntryPointWithESMLoader (node:internal/modules/run_main:123:5)

Node.js v20.18.0
">测试文件执行失败，退出码: 1
错误输出: file:///C:/Users/admin/AndroidStudioProjects/MyApplication8/backend/tests/test-network.js:1
const WebSocketServer = require('./websocket-server.js');
                        ^

ReferenceError: require is not defined in ES module scope, you can use import instead
This file is being treated as an ES module because it has a '.js' file extension and 'C:\Users\admin\AndroidStudioProjects\MyApplication8\package.json' contains "type": "module". To treat it as a CommonJS script, rename it to use the '.cjs' file extension.
    at file:///C:/Users/admin/AndroidStudioProjects/MyApplication8/backend/tests/test-network.js:1:25
    at ModuleJob.run (node:internal/modules/esm/module_job:234:25)
    at async ModuleLoader.import (node:internal/modules/esm/loader:473:24)
    at async asyncRunEntryPointWithESMLoader (node:internal/modules/run_main:123:5)

Node.js v20.18.0
</failure>
      </testcase>
      <testcase name="CommonJS测试: test-runner.js" classname="system" time="0.047">
        <failure message="测试文件执行失败，退出码: 1
错误输出: file:///C:/Users/admin/AndroidStudioProjects/MyApplication8/backend/tests/test-runner.js:229
    console.log('   console.log('   • React Web应用框架');');
                ^^^^^^^^^^^^^^^^^

SyntaxError: missing ) after argument list
    at compileSourceTextModule (node:internal/modules/esm/utils:339:16)
    at ModuleLoader.moduleStrategy (node:internal/modules/esm/translators:168:18)
    at callTranslator (node:internal/modules/esm/loader:428:14)
    at ModuleLoader.moduleProvider (node:internal/modules/esm/loader:434:30)
    at async link (node:internal/modules/esm/module_job:87:21)

Node.js v20.18.0
">测试文件执行失败，退出码: 1
错误输出: file:///C:/Users/admin/AndroidStudioProjects/MyApplication8/backend/tests/test-runner.js:229
    console.log('   console.log('   • React Web应用框架');');
                ^^^^^^^^^^^^^^^^^

SyntaxError: missing ) after argument list
    at compileSourceTextModule (node:internal/modules/esm/utils:339:16)
    at ModuleLoader.moduleStrategy (node:internal/modules/esm/translators:168:18)
    at callTranslator (node:internal/modules/esm/loader:428:14)
    at ModuleLoader.moduleProvider (node:internal/modules/esm/loader:434:30)
    at async link (node:internal/modules/esm/module_job:87:21)

Node.js v20.18.0
</failure>
      </testcase>
      <testcase name="CommonJS测试: test-server-functions.js" classname="system" time="3.121">
        
      </testcase>
      <testcase name="CommonJS测试: test-server-ports.js" classname="system" time="2.08">
        
      </testcase>
      <testcase name="CommonJS测试: test-server.js" classname="system" time="0.045">
        <failure message="测试文件执行失败，退出码: 1
错误输出: file:///C:/Users/admin/AndroidStudioProjects/MyApplication8/backend/tests/test-server.js:1
const WebSocket = require('ws');
                  ^

ReferenceError: require is not defined in ES module scope, you can use import instead
This file is being treated as an ES module because it has a '.js' file extension and 'C:\Users\admin\AndroidStudioProjects\MyApplication8\package.json' contains "type": "module". To treat it as a CommonJS script, rename it to use the '.cjs' file extension.
    at file:///C:/Users/admin/AndroidStudioProjects/MyApplication8/backend/tests/test-server.js:1:19
    at ModuleJob.run (node:internal/modules/esm/module_job:234:25)
    at async ModuleLoader.import (node:internal/modules/esm/loader:473:24)
    at async asyncRunEntryPointWithESMLoader (node:internal/modules/run_main:123:5)

Node.js v20.18.0
">测试文件执行失败，退出码: 1
错误输出: file:///C:/Users/admin/AndroidStudioProjects/MyApplication8/backend/tests/test-server.js:1
const WebSocket = require('ws');
                  ^

ReferenceError: require is not defined in ES module scope, you can use import instead
This file is being treated as an ES module because it has a '.js' file extension and 'C:\Users\admin\AndroidStudioProjects\MyApplication8\package.json' contains "type": "module". To treat it as a CommonJS script, rename it to use the '.cjs' file extension.
    at file:///C:/Users/admin/AndroidStudioProjects/MyApplication8/backend/tests/test-server.js:1:19
    at ModuleJob.run (node:internal/modules/esm/module_job:234:25)
    at async ModuleLoader.import (node:internal/modules/esm/loader:473:24)
    at async asyncRunEntryPointWithESMLoader (node:internal/modules/run_main:123:5)

Node.js v20.18.0
</failure>
      </testcase>
      <testcase name="CommonJS测试: test-websocket-client.js" classname="system" time="0.047">
        <failure message="测试文件执行失败，退出码: 1
错误输出: file:///C:/Users/admin/AndroidStudioProjects/MyApplication8/backend/tests/test-websocket-client.js:1
const WebSocket = require('ws');
                  ^

ReferenceError: require is not defined in ES module scope, you can use import instead
This file is being treated as an ES module because it has a '.js' file extension and 'C:\Users\admin\AndroidStudioProjects\MyApplication8\package.json' contains "type": "module". To treat it as a CommonJS script, rename it to use the '.cjs' file extension.
    at file:///C:/Users/admin/AndroidStudioProjects/MyApplication8/backend/tests/test-websocket-client.js:1:19
    at ModuleJob.run (node:internal/modules/esm/module_job:234:25)
    at async ModuleLoader.import (node:internal/modules/esm/loader:473:24)
    at async asyncRunEntryPointWithESMLoader (node:internal/modules/run_main:123:5)

Node.js v20.18.0
">测试文件执行失败，退出码: 1
错误输出: file:///C:/Users/admin/AndroidStudioProjects/MyApplication8/backend/tests/test-websocket-client.js:1
const WebSocket = require('ws');
                  ^

ReferenceError: require is not defined in ES module scope, you can use import instead
This file is being treated as an ES module because it has a '.js' file extension and 'C:\Users\admin\AndroidStudioProjects\MyApplication8\package.json' contains "type": "module". To treat it as a CommonJS script, rename it to use the '.cjs' file extension.
    at file:///C:/Users/admin/AndroidStudioProjects/MyApplication8/backend/tests/test-websocket-client.js:1:19
    at ModuleJob.run (node:internal/modules/esm/module_job:234:25)
    at async ModuleLoader.import (node:internal/modules/esm/loader:473:24)
    at async asyncRunEntryPointWithESMLoader (node:internal/modules/run_main:123:5)

Node.js v20.18.0
</failure>
      </testcase>
      <testcase name="CommonJS测试: test-client.js" classname="system" time="10.007">
        <failure message="测试文件执行超时 (5000ms)">测试文件执行超时 (5000ms)</failure>
      </testcase>
      <testcase name="CommonJS测试: test-connection.js" classname="system" time="10.005">
        <failure message="测试文件执行超时 (5000ms)">测试文件执行超时 (5000ms)</failure>
      </testcase>
      <testcase name="CommonJS测试: test-improved-client.js" classname="system" time="10.006">
        <failure message="测试文件执行超时 (5000ms)">测试文件执行超时 (5000ms)</failure>
      </testcase>
      <testcase name="CommonJS测试: test-improved-server.js" classname="system" time="10.007">
        <failure message="测试文件执行超时 (5000ms)">测试文件执行超时 (5000ms)</failure>
      </testcase>
      <testcase name="CommonJS测试: test-modules.js" classname="system" time="10.007">
        <failure message="测试文件执行超时 (5000ms)">测试文件执行超时 (5000ms)</failure>
      </testcase>
      <testcase name="CommonJS测试: test-network-interfaces.js" classname="system" time="10.009">
        <failure message="测试文件执行超时 (5000ms)">测试文件执行超时 (5000ms)</failure>
      </testcase>
      <testcase name="CommonJS测试: test-network.js" classname="system" time="10.011">
        <failure message="测试文件执行超时 (5000ms)">测试文件执行超时 (5000ms)</failure>
      </testcase>
      <testcase name="CommonJS测试: test-runner.js" classname="system" time="10.017">
        <failure message="测试文件执行超时 (5000ms)">测试文件执行超时 (5000ms)</failure>
      </testcase>
      <testcase name="CommonJS测试: test-server-functions.js" classname="system" time="10.017">
        <failure message="测试文件执行超时 (5000ms)">测试文件执行超时 (5000ms)</failure>
      </testcase>
      <testcase name="CommonJS测试: test-server-ports.js" classname="system" time="10.013">
        <failure message="测试文件执行超时 (5000ms)">测试文件执行超时 (5000ms)</failure>
      </testcase>
      <testcase name="CommonJS测试: test-server.js" classname="system" time="10.013">
        <failure message="测试文件执行超时 (5000ms)">测试文件执行超时 (5000ms)</failure>
      </testcase>
      <testcase name="CommonJS测试: test-websocket-client.js" classname="system" time="10.015">
        <failure message="测试文件执行超时 (5000ms)">测试文件执行超时 (5000ms)</failure>
      </testcase>
      <testcase name="CommonJS测试: test-websocket-connection.js" classname="system" time="10.016">
        <failure message="测试文件执行超时 (5000ms)">测试文件执行超时 (5000ms)</failure>
      </testcase>
  </testsuite>
</testsuites>